<?xml version="1.0" encoding="UTF-8"?>
<!-- Generated by org.testng.reporters.JUnitReportReporter -->
<testsuite hostname="COSCOM" failures="0" tests="1" name="Test.TestBookPrice" time="8.767" errors="0" timestamp="20 Jul 2021 05:47:26 GMT" skipped="0">
  <testcase classname="Test.TestBookPrice" name="test" time="8.767"/>
</testsuite> <!-- Test.TestBookPrice -->
